2019-08-09 20:45:46,663 INFO o.a.j.u.JMeterUtils: Setting Locale to zh_CN
2019-08-09 20:45:46,695 INFO o.a.j.JMeter: Loading user properties from: user.properties
2019-08-09 20:45:46,695 INFO o.a.j.JMeter: Loading system properties from: system.properties
2019-08-09 20:45:46,696 INFO o.a.j.JMeter: Setting JMeter property: jmeter.save.saveservice.output_format=xml
2019-08-09 20:45:46,696 INFO o.a.j.JMeter: Setting JMeter property: jmeter.save.saveservice.assertion_results=all
2019-08-09 20:45:46,696 INFO o.a.j.JMeter: Setting JMeter property: jmeter.save.saveservice.bytes=true
2019-08-09 20:45:46,696 INFO o.a.j.JMeter: Setting JMeter property: file_format.testlog=2.1
2019-08-09 20:45:46,696 INFO o.a.j.JMeter: Setting JMeter property: jmeter.save.saveservice.response_data.on_error=false
2019-08-09 20:45:46,702 INFO o.a.j.JMeter: Copyright (c) 1998-2019 The Apache Software Foundation
2019-08-09 20:45:46,702 INFO o.a.j.JMeter: Version 5.1.1 r1855137
2019-08-09 20:45:46,702 INFO o.a.j.JMeter: java.version=1.8.0_212
2019-08-09 20:45:46,702 INFO o.a.j.JMeter: java.vm.name=OpenJDK 64-Bit Server VM
2019-08-09 20:45:46,702 INFO o.a.j.JMeter: os.name=Mac OS X
2019-08-09 20:45:46,702 INFO o.a.j.JMeter: os.arch=x86_64
2019-08-09 20:45:46,702 INFO o.a.j.JMeter: os.version=10.14.5
2019-08-09 20:45:46,702 INFO o.a.j.JMeter: file.encoding=UTF-8
2019-08-09 20:45:46,702 INFO o.a.j.JMeter: java.awt.headless=true
2019-08-09 20:45:46,702 INFO o.a.j.JMeter: Max memory     =1908932608
2019-08-09 20:45:46,703 INFO o.a.j.JMeter: Available Processors =4
2019-08-09 20:45:46,710 INFO o.a.j.JMeter: Default Locale=中文 (中国)
2019-08-09 20:45:46,710 INFO o.a.j.JMeter: JMeter  Locale=中文 (中国)
2019-08-09 20:45:46,710 INFO o.a.j.JMeter: JMeterHome=/Users/hu/Documents/Jmeter-5.1.1
2019-08-09 20:45:46,710 INFO o.a.j.JMeter: user.dir  =/Users/hu/Documents/Jmeter-5.1.1/bin
2019-08-09 20:45:46,710 INFO o.a.j.JMeter: PWD       =/Users/hu/Documents/Jmeter-5.1.1/bin
2019-08-09 20:45:46,715 INFO o.a.j.JMeter: IP: 127.0.0.1 Name: localhost FullName: localhost
2019-08-09 20:45:46,719 INFO o.a.j.s.FileServer: Default base='/Users/hu/Documents/Jmeter-5.1.1/bin'
2019-08-09 20:45:46,723 INFO o.a.j.s.FileServer: Set new base='/Users/hu/Documents/Jmeter-5.1.1/TestScripts'
2019-08-09 20:45:46,874 INFO o.a.j.s.SaveService: Testplan (JMX) version: 2.2. Testlog (JTL) version: 2.2
2019-08-09 20:45:46,894 INFO o.a.j.s.SaveService: Using SaveService properties file encoding UTF-8
2019-08-09 20:45:46,899 INFO o.a.j.s.SaveService: Using SaveService properties version 5.0
2019-08-09 20:45:46,905 INFO o.a.j.s.SaveService: Loading file: /Users/hu/Documents/Jmeter-5.1.1/TestScripts/Test02.jmx
2019-08-09 20:45:46,960 INFO o.a.j.p.h.s.HTTPSamplerBase: Parser for text/html is org.apache.jmeter.protocol.http.parser.LagartoBasedHtmlParser
2019-08-09 20:45:46,960 INFO o.a.j.p.h.s.HTTPSamplerBase: Parser for application/xhtml+xml is org.apache.jmeter.protocol.http.parser.LagartoBasedHtmlParser
2019-08-09 20:45:46,960 INFO o.a.j.p.h.s.HTTPSamplerBase: Parser for application/xml is org.apache.jmeter.protocol.http.parser.LagartoBasedHtmlParser
2019-08-09 20:45:46,961 INFO o.a.j.p.h.s.HTTPSamplerBase: Parser for text/xml is org.apache.jmeter.protocol.http.parser.LagartoBasedHtmlParser
2019-08-09 20:45:46,961 INFO o.a.j.p.h.s.HTTPSamplerBase: Parser for text/vnd.wap.wml is org.apache.jmeter.protocol.http.parser.RegexpHTMLParser
2019-08-09 20:45:46,961 INFO o.a.j.p.h.s.HTTPSamplerBase: Parser for text/css is org.apache.jmeter.protocol.http.parser.CssParser
2019-08-09 20:45:46,993 INFO o.a.j.JMeter: Creating summariser <summary>
2019-08-09 20:45:46,998 INFO o.a.j.e.StandardJMeterEngine: Running the test!
2019-08-09 20:45:46,999 INFO o.a.j.s.SampleEvent: List of sample_variables: []
2019-08-09 20:45:46,999 INFO o.a.j.s.SampleEvent: List of sample_variables: []
2019-08-09 20:45:47,005 INFO o.a.j.e.u.CompoundVariable: Note: Function class names must contain the string: '.functions.'
2019-08-09 20:45:47,005 INFO o.a.j.e.u.CompoundVariable: Note: Function class names must not contain the string: '.gui.'
2019-08-09 20:45:47,408 INFO o.a.j.JMeter: 正在运行的测试 (1565354747408)
2019-08-09 20:45:47,450 INFO o.a.j.e.StandardJMeterEngine: Starting ThreadGroup: 1 : 接口2
2019-08-09 20:45:47,450 INFO o.a.j.e.StandardJMeterEngine: Starting 1 threads for group 接口2.
2019-08-09 20:45:47,450 INFO o.a.j.e.StandardJMeterEngine: Thread will continue on error
2019-08-09 20:45:47,450 INFO o.a.j.t.ThreadGroup: Starting thread group... number=1 threads=1 ramp-up=1 delayedStart=false
2019-08-09 20:45:47,456 INFO o.a.j.t.ThreadGroup: Started thread group number 1
2019-08-09 20:45:47,456 INFO o.a.j.e.StandardJMeterEngine: All thread groups have been started
2019-08-09 20:45:47,495 INFO o.a.j.t.JMeterThread: Thread started: 接口2 1-1
2019-08-09 20:45:47,497 INFO o.a.j.s.FileServer: Stored: Test02.csv
2019-08-09 20:45:47,527 INFO o.a.j.p.h.s.HTTPHCAbstractImpl: Local host = localhost
2019-08-09 20:45:47,534 INFO o.a.j.p.h.s.HTTPHC4Impl: HTTP request retry count = 0
2019-08-09 20:45:47,537 INFO o.a.j.s.SampleResult: Note: Sample TimeStamps are START times
2019-08-09 20:45:47,538 INFO o.a.j.s.SampleResult: sampleresult.default.encoding is set to ISO-8859-1
2019-08-09 20:45:47,538 INFO o.a.j.s.SampleResult: sampleresult.useNanoTime=true
2019-08-09 20:45:47,538 INFO o.a.j.s.SampleResult: sampleresult.nanoThreadSleep=5000
2019-08-09 20:45:47,655 INFO o.a.j.u.JsseSSLManager: Using default SSL protocol: TLS
2019-08-09 20:45:47,655 INFO o.a.j.u.JsseSSLManager: SSL session context: per-thread
2019-08-09 20:45:47,830 INFO o.a.j.t.JMeterThread: Stop Thread seen for thread 接口2 1-1, reason: org.apache.jorphan.util.JMeterStopThreadException: End of file:Test02.csv detected for CSV DataSet:CSV 数据文件设置 configured with stopThread:true, recycle:false
2019-08-09 20:45:47,831 INFO o.a.j.t.JMeterThread: Thread finished: 接口2 1-1
2019-08-09 20:45:47,834 INFO o.a.j.e.StandardJMeterEngine: Notifying test listeners of end of test
2019-08-09 20:45:47,834 INFO o.a.j.s.FileServer: Close: Test02.csv
2019-08-09 20:45:47,836 INFO o.a.j.r.Summariser: summary =      2 in 00:00:00 =    4.7/s Avg:    83 Min:     0 Max:   167 Err:     1 (50.00%)
